<?xml version="1.0" encoding="UTF-8"?>
<testsuite name="com.codestates.seb_43_21_main_project.Seb4321MainProjectApplicationTests" tests="1" skipped="0" failures="0" errors="0" timestamp="2023-05-07T07:08:59" hostname="BOOK-082HAIIP8D" time="0.152">
  <properties/>
  <testcase name="contextLoads()" classname="com.codestates.seb_43_21_main_project.Seb4321MainProjectApplicationTests" time="0.152"/>
  <system-out><![CDATA[16:08:54.480 [Test worker] DEBUG org.springframework.test.context.BootstrapUtils - Instantiating CacheAwareContextLoaderDelegate from class [org.springframework.test.context.cache.DefaultCacheAwareContextLoaderDelegate]
16:08:54.489 [Test worker] DEBUG org.springframework.test.context.BootstrapUtils - Instantiating BootstrapContext using constructor [public org.springframework.test.context.support.DefaultBootstrapContext(java.lang.Class,org.springframework.test.context.CacheAwareContextLoaderDelegate)]
16:08:54.517 [Test worker] DEBUG org.springframework.test.context.BootstrapUtils - Instantiating TestContextBootstrapper for test class [com.codestates.seb_43_21_main_project.Seb4321MainProjectApplicationTests] from class [org.springframework.boot.test.context.SpringBootTestContextBootstrapper]
16:08:54.525 [Test worker] INFO org.springframework.boot.test.context.SpringBootTestContextBootstrapper - Neither @ContextConfiguration nor @ContextHierarchy found for test class [com.codestates.seb_43_21_main_project.Seb4321MainProjectApplicationTests], using SpringBootContextLoader
16:08:54.528 [Test worker] DEBUG org.springframework.test.context.support.AbstractContextLoader - Did not detect default resource location for test class [com.codestates.seb_43_21_main_project.Seb4321MainProjectApplicationTests]: class path resource [com/codestates/seb_43_21_main_project/Seb4321MainProjectApplicationTests-context.xml] does not exist
16:08:54.529 [Test worker] DEBUG org.springframework.test.context.support.AbstractContextLoader - Did not detect default resource location for test class [com.codestates.seb_43_21_main_project.Seb4321MainProjectApplicationTests]: class path resource [com/codestates/seb_43_21_main_project/Seb4321MainProjectApplicationTestsContext.groovy] does not exist
16:08:54.529 [Test worker] INFO org.springframework.test.context.support.AbstractContextLoader - Could not detect default resource locations for test class [com.codestates.seb_43_21_main_project.Seb4321MainProjectApplicationTests]: no resource found for suffixes {-context.xml, Context.groovy}.
16:08:54.529 [Test worker] INFO org.springframework.test.context.support.AnnotationConfigContextLoaderUtils - Could not detect default configuration classes for test class [com.codestates.seb_43_21_main_project.Seb4321MainProjectApplicationTests]: Seb4321MainProjectApplicationTests does not declare any static, non-private, non-final, nested classes annotated with @Configuration.
16:08:54.566 [Test worker] DEBUG org.springframework.test.context.support.ActiveProfilesUtils - Could not find an 'annotation declaring class' for annotation type [org.springframework.test.context.ActiveProfiles] and class [com.codestates.seb_43_21_main_project.Seb4321MainProjectApplicationTests]
16:08:54.625 [Test worker] DEBUG org.springframework.context.annotation.ClassPathScanningCandidateComponentProvider - Identified candidate component class: file [C:\_MainProject\seb43_main_021\seb_43_21_main_project\build\classes\java\main\com\codestates\seb_43_21_main_project\Seb4321MainProjectApplication.class]
16:08:54.626 [Test worker] INFO org.springframework.boot.test.context.SpringBootTestContextBootstrapper - Found @SpringBootConfiguration com.codestates.seb_43_21_main_project.Seb4321MainProjectApplication for test class com.codestates.seb_43_21_main_project.Seb4321MainProjectApplicationTests
16:08:54.721 [Test worker] DEBUG org.springframework.boot.test.context.SpringBootTestContextBootstrapper - @TestExecutionListeners is not present for class [com.codestates.seb_43_21_main_project.Seb4321MainProjectApplicationTests]: using defaults.
16:08:54.722 [Test worker] INFO org.springframework.boot.test.context.SpringBootTestContextBootstrapper - Loaded default TestExecutionListener class names from location [META-INF/spring.factories]: [org.springframework.boot.test.autoconfigure.restdocs.RestDocsTestExecutionListener, org.springframework.boot.test.autoconfigure.web.client.MockRestServiceServerResetTestExecutionListener, org.springframework.boot.test.autoconfigure.web.servlet.MockMvcPrintOnlyOnFailureTestExecutionListener, org.springframework.boot.test.autoconfigure.web.servlet.WebDriverTestExecutionListener, org.springframework.boot.test.autoconfigure.webservices.client.MockWebServiceServerTestExecutionListener, org.springframework.boot.test.mock.mockito.MockitoTestExecutionListener, org.springframework.boot.test.mock.mockito.ResetMocksTestExecutionListener, org.springframework.test.context.web.ServletTestExecutionListener, org.springframework.test.context.support.DirtiesContextBeforeModesTestExecutionListener, org.springframework.test.context.event.ApplicationEventsTestExecutionListener, org.springframework.test.context.support.DependencyInjectionTestExecutionListener, org.springframework.test.context.support.DirtiesContextTestExecutionListener, org.springframework.test.context.transaction.TransactionalTestExecutionListener, org.springframework.test.context.jdbc.SqlScriptsTestExecutionListener, org.springframework.test.context.event.EventPublishingTestExecutionListener]
16:08:54.736 [Test worker] INFO org.springframework.boot.test.context.SpringBootTestContextBootstrapper - Using TestExecutionListeners: [org.springframework.test.context.web.ServletTestExecutionListener@7728643a, org.springframework.test.context.support.DirtiesContextBeforeModesTestExecutionListener@320e400, org.springframework.test.context.event.ApplicationEventsTestExecutionListener@5167268, org.springframework.boot.test.mock.mockito.MockitoTestExecutionListener@1cfd1875, org.springframework.boot.test.autoconfigure.SpringBootDependencyInjectionTestExecutionListener@28c0b664, org.springframework.test.context.support.DirtiesContextTestExecutionListener@2c444798, org.springframework.test.context.transaction.TransactionalTestExecutionListener@1af7f54a, org.springframework.test.context.jdbc.SqlScriptsTestExecutionListener@6ebd78d1, org.springframework.test.context.event.EventPublishingTestExecutionListener@436390f4, org.springframework.boot.test.autoconfigure.restdocs.RestDocsTestExecutionListener@4d157787, org.springframework.boot.test.autoconfigure.web.client.MockRestServiceServerResetTestExecutionListener@68ed96ca, org.springframework.boot.test.autoconfigure.web.servlet.MockMvcPrintOnlyOnFailureTestExecutionListener@6d1310f6, org.springframework.boot.test.autoconfigure.web.servlet.WebDriverTestExecutionListener@3228d990, org.springframework.boot.test.autoconfigure.webservices.client.MockWebServiceServerTestExecutionListener@54e7391d, org.springframework.boot.test.mock.mockito.ResetMocksTestExecutionListener@50b8ae8d]
16:08:54.738 [Test worker] DEBUG org.springframework.test.context.support.AbstractDirtiesContextTestExecutionListener - Before test class: context [DefaultTestContext@10b3df93 testClass = Seb4321MainProjectApplicationTests, testInstance = [null], testMethod = [null], testException = [null], mergedContextConfiguration = [WebMergedContextConfiguration@ea27e34 testClass = Seb4321MainProjectApplicationTests, locations = '{}', classes = '{class com.codestates.seb_43_21_main_project.Seb4321MainProjectApplication}', contextInitializerClasses = '[]', activeProfiles = '{}', propertySourceLocations = '{}', propertySourceProperties = '{org.springframework.boot.test.context.SpringBootTestContextBootstrapper=true}', contextCustomizers = set[org.springframework.boot.test.autoconfigure.actuate.metrics.MetricsExportContextCustomizerFactory$DisableMetricExportContextCustomizer@62163b39, org.springframework.boot.test.autoconfigure.properties.PropertyMappingContextCustomizer@0, org.springframework.boot.test.autoconfigure.web.servlet.WebDriverContextCustomizerFactory$Customizer@cb191ca, org.springframework.boot.test.context.filter.ExcludeFilterContextCustomizer@1f2f9244, org.springframework.boot.test.json.DuplicateJsonObjectContextCustomizerFactory$DuplicateJsonObjectContextCustomizer@758c83d8, org.springframework.boot.test.mock.mockito.MockitoContextCustomizer@0, org.springframework.boot.test.web.client.TestRestTemplateContextCustomizer@e077866, org.springframework.boot.test.context.SpringBootTestArgs@1, org.springframework.boot.test.context.SpringBootTestWebEnvironment@6531a794], resourceBasePath = 'src/main/webapp', contextLoader = 'org.springframework.boot.test.context.SpringBootContextLoader', parent = [null]], attributes = map['org.springframework.test.context.web.ServletTestExecutionListener.activateListener' -> true]], class annotated with @DirtiesContext [false] with mode [null].

  .   ____          _            __ _ _
 /\\ / ___'_ __ _ _(_)_ __  __ _ \ \ \ \
( ( )\___ | '_ | '_| | '_ \/ _` | \ \ \ \
 \\/  ___)| |_)| | | | | || (_| |  ) ) ) )
  '  |____| .__|_| |_|_| |_\__, | / / / /
 =========|_|==============|___/=/_/_/_/
 :: Spring Boot ::      (v2.7.12-SNAPSHOT)

2023-05-07 16:08:55.091  INFO 20472 --- [    Test worker] c.c.s.Seb4321MainProjectApplicationTests : Starting Seb4321MainProjectApplicationTests using Java 11.0.17 on BOOK-082HAIIP8D with PID 20472 (started by thdwl in C:\_MainProject\seb43_main_021\seb_43_21_main_project)
2023-05-07 16:08:55.093  INFO 20472 --- [    Test worker] c.c.s.Seb4321MainProjectApplicationTests : No active profile set, falling back to 1 default profile: "default"
2023-05-07 16:08:55.766  INFO 20472 --- [    Test worker] .s.d.r.c.RepositoryConfigurationDelegate : Bootstrapping Spring Data JPA repositories in DEFAULT mode.
2023-05-07 16:08:55.806  INFO 20472 --- [    Test worker] .s.d.r.c.RepositoryConfigurationDelegate : Finished Spring Data repository scanning in 35 ms. Found 1 JPA repository interfaces.
2023-05-07 16:08:56.313 DEBUG 20472 --- [    Test worker] j.LocalContainerEntityManagerFactoryBean : Building JPA container EntityManagerFactory for persistence unit 'default'
2023-05-07 16:08:56.353  INFO 20472 --- [    Test worker] o.hibernate.jpa.internal.util.LogHelper  : HHH000204: Processing PersistenceUnitInfo [name: default]
2023-05-07 16:08:56.449  INFO 20472 --- [    Test worker] org.hibernate.Version                    : HHH000412: Hibernate ORM core version 5.6.15.Final
2023-05-07 16:08:56.637  INFO 20472 --- [    Test worker] o.hibernate.annotations.common.Version   : HCANN000001: Hibernate Commons Annotations {5.1.2.Final}
2023-05-07 16:08:56.767  INFO 20472 --- [    Test worker] com.zaxxer.hikari.HikariDataSource       : HikariPool-1 - Starting...
2023-05-07 16:08:57.002  INFO 20472 --- [    Test worker] com.zaxxer.hikari.HikariDataSource       : HikariPool-1 - Start completed.
2023-05-07 16:08:57.048  INFO 20472 --- [    Test worker] org.hibernate.dialect.Dialect            : HHH000400: Using dialect: org.hibernate.dialect.H2Dialect
Hibernate: 
    
    create table auctionitem (
       auction_item_id bigint generated by default as identity,
        auction_item_status varchar(255) not null,
        bid_item_id bigint not null,
        category_id bigint not null,
        auction_item_countent TEXT not null,
        created_date timestamp,
        member_id bigint not null,
        modified_date timestamp,
        auction_item_name varchar(100) not null,
        period integer not null,
        primary key (auction_item_id)
    )
2023-05-07 16:08:57.621  INFO 20472 --- [    Test worker] o.h.e.t.j.p.i.JtaPlatformInitiator       : HHH000490: Using JtaPlatform implementation: [org.hibernate.engine.transaction.jta.platform.internal.NoJtaPlatform]
2023-05-07 16:08:57.629  INFO 20472 --- [    Test worker] j.LocalContainerEntityManagerFactoryBean : Initialized JPA EntityManagerFactory for persistence unit 'default'
2023-05-07 16:08:57.785 DEBUG 20472 --- [    Test worker] tor$SharedEntityManagerInvocationHandler : Creating new EntityManager for shared EntityManager invocation
2023-05-07 16:08:57.868 DEBUG 20472 --- [    Test worker] tor$SharedEntityManagerInvocationHandler : Creating new EntityManager for shared EntityManager invocation
2023-05-07 16:08:57.940 DEBUG 20472 --- [    Test worker] tor$SharedEntityManagerInvocationHandler : Creating new EntityManager for shared EntityManager invocation
2023-05-07 16:08:58.336  WARN 20472 --- [    Test worker] JpaBaseConfiguration$JpaWebConfiguration : spring.jpa.open-in-view is enabled by default. Therefore, database queries may be performed during view rendering. Explicitly configure spring.jpa.open-in-view to disable this warning
2023-05-07 16:08:58.770  INFO 20472 --- [    Test worker] o.s.b.a.h2.H2ConsoleAutoConfiguration    : H2 console available at '/h2'. Database available at 'jdbc:h2:mem:test'
2023-05-07 16:08:59.228  INFO 20472 --- [    Test worker] c.c.s.Seb4321MainProjectApplicationTests : Started Seb4321MainProjectApplicationTests in 4.461 seconds (JVM running for 5.788)
]]></system-out>
  <system-err><![CDATA[]]></system-err>
</testsuite>
