<?xml version="1.0" encoding="UTF-8"?>
<testsuite name="com.codestates.seb_43_21_main_project.Seb4321MainProjectApplicationTests" tests="1" skipped="0" failures="0" errors="0" timestamp="2023-05-12T06:03:25" hostname="BOOK-082HAIIP8D" time="0.148">
  <properties/>
  <testcase name="contextLoads()" classname="com.codestates.seb_43_21_main_project.Seb4321MainProjectApplicationTests" time="0.148"/>
  <system-out><![CDATA[15:03:18.211 [Test worker] DEBUG org.springframework.test.context.BootstrapUtils - Instantiating CacheAwareContextLoaderDelegate from class [org.springframework.test.context.cache.DefaultCacheAwareContextLoaderDelegate]
15:03:18.224 [Test worker] DEBUG org.springframework.test.context.BootstrapUtils - Instantiating BootstrapContext using constructor [public org.springframework.test.context.support.DefaultBootstrapContext(java.lang.Class,org.springframework.test.context.CacheAwareContextLoaderDelegate)]
15:03:18.259 [Test worker] DEBUG org.springframework.test.context.BootstrapUtils - Instantiating TestContextBootstrapper for test class [com.codestates.seb_43_21_main_project.Seb4321MainProjectApplicationTests] from class [org.springframework.boot.test.context.SpringBootTestContextBootstrapper]
15:03:18.270 [Test worker] INFO org.springframework.boot.test.context.SpringBootTestContextBootstrapper - Neither @ContextConfiguration nor @ContextHierarchy found for test class [com.codestates.seb_43_21_main_project.Seb4321MainProjectApplicationTests], using SpringBootContextLoader
15:03:18.273 [Test worker] DEBUG org.springframework.test.context.support.AbstractContextLoader - Did not detect default resource location for test class [com.codestates.seb_43_21_main_project.Seb4321MainProjectApplicationTests]: class path resource [com/codestates/seb_43_21_main_project/Seb4321MainProjectApplicationTests-context.xml] does not exist
15:03:18.274 [Test worker] DEBUG org.springframework.test.context.support.AbstractContextLoader - Did not detect default resource location for test class [com.codestates.seb_43_21_main_project.Seb4321MainProjectApplicationTests]: class path resource [com/codestates/seb_43_21_main_project/Seb4321MainProjectApplicationTestsContext.groovy] does not exist
15:03:18.274 [Test worker] INFO org.springframework.test.context.support.AbstractContextLoader - Could not detect default resource locations for test class [com.codestates.seb_43_21_main_project.Seb4321MainProjectApplicationTests]: no resource found for suffixes {-context.xml, Context.groovy}.
15:03:18.275 [Test worker] INFO org.springframework.test.context.support.AnnotationConfigContextLoaderUtils - Could not detect default configuration classes for test class [com.codestates.seb_43_21_main_project.Seb4321MainProjectApplicationTests]: Seb4321MainProjectApplicationTests does not declare any static, non-private, non-final, nested classes annotated with @Configuration.
15:03:18.315 [Test worker] DEBUG org.springframework.test.context.support.ActiveProfilesUtils - Could not find an 'annotation declaring class' for annotation type [org.springframework.test.context.ActiveProfiles] and class [com.codestates.seb_43_21_main_project.Seb4321MainProjectApplicationTests]
15:03:18.408 [Test worker] DEBUG org.springframework.context.annotation.ClassPathScanningCandidateComponentProvider - Identified candidate component class: file [C:\_MainProject\seb43_main_021\server\build\classes\java\main\com\codestates\seb_43_21_main_project\Seb4321MainProjectApplication.class]
15:03:18.410 [Test worker] INFO org.springframework.boot.test.context.SpringBootTestContextBootstrapper - Found @SpringBootConfiguration com.codestates.seb_43_21_main_project.Seb4321MainProjectApplication for test class com.codestates.seb_43_21_main_project.Seb4321MainProjectApplicationTests
15:03:18.512 [Test worker] DEBUG org.springframework.boot.test.context.SpringBootTestContextBootstrapper - @TestExecutionListeners is not present for class [com.codestates.seb_43_21_main_project.Seb4321MainProjectApplicationTests]: using defaults.
15:03:18.513 [Test worker] INFO org.springframework.boot.test.context.SpringBootTestContextBootstrapper - Loaded default TestExecutionListener class names from location [META-INF/spring.factories]: [org.springframework.security.test.context.support.WithSecurityContextTestExecutionListener, org.springframework.security.test.context.support.ReactorContextTestExecutionListener, org.springframework.boot.test.autoconfigure.restdocs.RestDocsTestExecutionListener, org.springframework.boot.test.autoconfigure.web.client.MockRestServiceServerResetTestExecutionListener, org.springframework.boot.test.autoconfigure.web.servlet.MockMvcPrintOnlyOnFailureTestExecutionListener, org.springframework.boot.test.autoconfigure.web.servlet.WebDriverTestExecutionListener, org.springframework.boot.test.autoconfigure.webservices.client.MockWebServiceServerTestExecutionListener, org.springframework.boot.test.mock.mockito.MockitoTestExecutionListener, org.springframework.boot.test.mock.mockito.ResetMocksTestExecutionListener, org.springframework.test.context.web.ServletTestExecutionListener, org.springframework.test.context.support.DirtiesContextBeforeModesTestExecutionListener, org.springframework.test.context.event.ApplicationEventsTestExecutionListener, org.springframework.test.context.support.DependencyInjectionTestExecutionListener, org.springframework.test.context.support.DirtiesContextTestExecutionListener, org.springframework.test.context.transaction.TransactionalTestExecutionListener, org.springframework.test.context.jdbc.SqlScriptsTestExecutionListener, org.springframework.test.context.event.EventPublishingTestExecutionListener]
15:03:18.529 [Test worker] INFO org.springframework.boot.test.context.SpringBootTestContextBootstrapper - Using TestExecutionListeners: [org.springframework.test.context.web.ServletTestExecutionListener@3ad394e6, org.springframework.test.context.support.DirtiesContextBeforeModesTestExecutionListener@6058e535, org.springframework.test.context.event.ApplicationEventsTestExecutionListener@42deb43a, org.springframework.boot.test.mock.mockito.MockitoTestExecutionListener@1deb2c43, org.springframework.boot.test.autoconfigure.SpringBootDependencyInjectionTestExecutionListener@3bb9efbc, org.springframework.test.context.support.DirtiesContextTestExecutionListener@1cefc4b3, org.springframework.test.context.transaction.TransactionalTestExecutionListener@2b27cc70, org.springframework.test.context.jdbc.SqlScriptsTestExecutionListener@6f6a7463, org.springframework.security.test.context.support.WithSecurityContextTestExecutionListener@1bdaa23d, org.springframework.test.context.event.EventPublishingTestExecutionListener@79f227a9, org.springframework.security.test.context.support.ReactorContextTestExecutionListener@6ca320ab, org.springframework.boot.test.autoconfigure.restdocs.RestDocsTestExecutionListener@50d68830, org.springframework.boot.test.autoconfigure.web.client.MockRestServiceServerResetTestExecutionListener@1e53135d, org.springframework.boot.test.autoconfigure.web.servlet.MockMvcPrintOnlyOnFailureTestExecutionListener@7674a051, org.springframework.boot.test.autoconfigure.web.servlet.WebDriverTestExecutionListener@3a7704c, org.springframework.boot.test.autoconfigure.webservices.client.MockWebServiceServerTestExecutionListener@6754ef00, org.springframework.boot.test.mock.mockito.ResetMocksTestExecutionListener@619bd14c]
15:03:18.533 [Test worker] DEBUG org.springframework.test.context.support.AbstractDirtiesContextTestExecutionListener - Before test class: context [DefaultTestContext@7bfc3126 testClass = Seb4321MainProjectApplicationTests, testInstance = [null], testMethod = [null], testException = [null], mergedContextConfiguration = [WebMergedContextConfiguration@3e792ce3 testClass = Seb4321MainProjectApplicationTests, locations = '{}', classes = '{class com.codestates.seb_43_21_main_project.Seb4321MainProjectApplication}', contextInitializerClasses = '[]', activeProfiles = '{}', propertySourceLocations = '{}', propertySourceProperties = '{org.springframework.boot.test.context.SpringBootTestContextBootstrapper=true}', contextCustomizers = set[org.springframework.boot.test.autoconfigure.actuate.metrics.MetricsExportContextCustomizerFactory$DisableMetricExportContextCustomizer@3e5499cc, org.springframework.boot.test.autoconfigure.properties.PropertyMappingContextCustomizer@0, org.springframework.boot.test.autoconfigure.web.servlet.WebDriverContextCustomizerFactory$Customizer@75e91545, org.springframework.boot.test.context.filter.ExcludeFilterContextCustomizer@726e5805, org.springframework.boot.test.json.DuplicateJsonObjectContextCustomizerFactory$DuplicateJsonObjectContextCustomizer@ed3068a, org.springframework.boot.test.mock.mockito.MockitoContextCustomizer@0, org.springframework.boot.test.web.client.TestRestTemplateContextCustomizer@5b43fbf6, org.springframework.boot.test.context.SpringBootTestArgs@1, org.springframework.boot.test.context.SpringBootTestWebEnvironment@31edaa7d], resourceBasePath = 'src/main/webapp', contextLoader = 'org.springframework.boot.test.context.SpringBootContextLoader', parent = [null]], attributes = map['org.springframework.test.context.web.ServletTestExecutionListener.activateListener' -> true]], class annotated with @DirtiesContext [false] with mode [null].

  .   ____          _            __ _ _
 /\\ / ___'_ __ _ _(_)_ __  __ _ \ \ \ \
( ( )\___ | '_ | '_| | '_ \/ _` | \ \ \ \
 \\/  ___)| |_)| | | | | || (_| |  ) ) ) )
  '  |____| .__|_| |_|_| |_\__, | / / / /
 =========|_|==============|___/=/_/_/_/
 :: Spring Boot ::               (v2.7.11)

2023-05-12 15:03:18.969  INFO 23304 --- [    Test worker] c.c.s.Seb4321MainProjectApplicationTests : Starting Seb4321MainProjectApplicationTests using Java 11.0.17 on BOOK-082HAIIP8D with PID 23304 (started by thdwl in C:\_MainProject\seb43_main_021\server)
2023-05-12 15:03:18.970  INFO 23304 --- [    Test worker] c.c.s.Seb4321MainProjectApplicationTests : No active profile set, falling back to 1 default profile: "default"
2023-05-12 15:03:20.020  INFO 23304 --- [    Test worker] .s.d.r.c.RepositoryConfigurationDelegate : Bootstrapping Spring Data JPA repositories in DEFAULT mode.
2023-05-12 15:03:20.101  INFO 23304 --- [    Test worker] .s.d.r.c.RepositoryConfigurationDelegate : Finished Spring Data repository scanning in 70 ms. Found 2 JPA repository interfaces.
2023-05-12 15:03:20.860 DEBUG 23304 --- [    Test worker] j.LocalContainerEntityManagerFactoryBean : Building JPA container EntityManagerFactory for persistence unit 'default'
2023-05-12 15:03:20.939  INFO 23304 --- [    Test worker] o.hibernate.jpa.internal.util.LogHelper  : HHH000204: Processing PersistenceUnitInfo [name: default]
2023-05-12 15:03:21.018  INFO 23304 --- [    Test worker] org.hibernate.Version                    : HHH000412: Hibernate ORM core version 5.6.15.Final
2023-05-12 15:03:21.217  INFO 23304 --- [    Test worker] o.hibernate.annotations.common.Version   : HCANN000001: Hibernate Commons Annotations {5.1.2.Final}
2023-05-12 15:03:21.329  INFO 23304 --- [    Test worker] com.zaxxer.hikari.HikariDataSource       : HikariPool-1 - Starting...
2023-05-12 15:03:21.579  INFO 23304 --- [    Test worker] com.zaxxer.hikari.HikariDataSource       : HikariPool-1 - Start completed.
2023-05-12 15:03:21.616  INFO 23304 --- [    Test worker] org.hibernate.dialect.Dialect            : HHH000400: Using dialect: org.hibernate.dialect.H2Dialect
Hibernate: 
    
    create table auctionitem (
       auction_item_id bigint generated by default as identity,
        create_date timestamp,
        modified_date timestamp,
        auction_item_status varchar(255) not null,
        bid_item_id bigint not null,
        category_id bigint not null,
        auction_item_countent TEXT not null,
        deleted boolean not null,
        member_id bigint not null,
        auction_item_name varchar(100) not null,
        period integer not null,
        primary key (auction_item_id)
    )
Hibernate: 
    
    create table member (
       member_id bigint generated by default as identity,
        email varchar(255) not null,
        nick_name varchar(255) not null,
        password varchar(255) not null,
        phone_number varchar(255) not null,
        use_yn varchar(255),
        primary key (member_id)
    )
Hibernate: 
    
    create table member_roles (
       member_member_id bigint not null,
        roles varchar(255)
    )
Hibernate: 
    
    alter table member_roles 
       add constraint FKruptm2dtwl95mfks4bnhv828k 
       foreign key (member_member_id) 
       references member
2023-05-12 15:03:22.373  INFO 23304 --- [    Test worker] o.h.e.t.j.p.i.JtaPlatformInitiator       : HHH000490: Using JtaPlatform implementation: [org.hibernate.engine.transaction.jta.platform.internal.NoJtaPlatform]
2023-05-12 15:03:22.383  INFO 23304 --- [    Test worker] j.LocalContainerEntityManagerFactoryBean : Initialized JPA EntityManagerFactory for persistence unit 'default'
2023-05-12 15:03:22.535 DEBUG 23304 --- [    Test worker] tor$SharedEntityManagerInvocationHandler : Creating new EntityManager for shared EntityManager invocation
2023-05-12 15:03:22.629 DEBUG 23304 --- [    Test worker] tor$SharedEntityManagerInvocationHandler : Creating new EntityManager for shared EntityManager invocation
2023-05-12 15:03:22.731 DEBUG 23304 --- [    Test worker] tor$SharedEntityManagerInvocationHandler : Creating new EntityManager for shared EntityManager invocation
2023-05-12 15:03:22.860 DEBUG 23304 --- [    Test worker] tor$SharedEntityManagerInvocationHandler : Creating new EntityManager for shared EntityManager invocation
2023-05-12 15:03:23.009 DEBUG 23304 --- [    Test worker] tor$SharedEntityManagerInvocationHandler : Creating new EntityManager for shared EntityManager invocation
2023-05-12 15:03:23.019 DEBUG 23304 --- [    Test worker] tor$SharedEntityManagerInvocationHandler : Creating new EntityManager for shared EntityManager invocation
2023-05-12 15:03:23.032 DEBUG 23304 --- [    Test worker] tor$SharedEntityManagerInvocationHandler : Creating new EntityManager for shared EntityManager invocation
2023-05-12 15:03:23.069 DEBUG 23304 --- [    Test worker] tor$SharedEntityManagerInvocationHandler : Creating new EntityManager for shared EntityManager invocation
2023-05-12 15:03:23.072 DEBUG 23304 --- [    Test worker] tor$SharedEntityManagerInvocationHandler : Creating new EntityManager for shared EntityManager invocation
2023-05-12 15:03:23.671  INFO 23304 --- [    Test worker] o.s.s.web.DefaultSecurityFilterChain     : Will secure any request with [org.springframework.security.web.session.DisableEncodeUrlFilter@7827cdfc, org.springframework.security.web.context.request.async.WebAsyncManagerIntegrationFilter@4a0f4282, org.springframework.security.web.context.SecurityContextPersistenceFilter@242c4a94, org.springframework.security.web.header.HeaderWriterFilter@1f5f4d48, org.springframework.web.filter.CorsFilter@6f00c40e, org.springframework.security.web.authentication.logout.LogoutFilter@69c6e5, com.codestates.seb_43_21_main_project.security.auths.filter.JwtAuthenticationFilter@19d3f4fb, com.codestates.seb_43_21_main_project.security.auths.filter.JwtVerificationFilter@43cf97a8, org.springframework.security.web.savedrequest.RequestCacheAwareFilter@12b66c89, org.springframework.security.web.servletapi.SecurityContextHolderAwareRequestFilter@5408fca1, org.springframework.security.web.authentication.AnonymousAuthenticationFilter@5c1ea00, org.springframework.security.web.session.SessionManagementFilter@3dabdd11, org.springframework.security.web.access.ExceptionTranslationFilter@5f1db390, org.springframework.security.web.access.intercept.FilterSecurityInterceptor@689eab53]
2023-05-12 15:03:24.118  WARN 23304 --- [    Test worker] JpaBaseConfiguration$JpaWebConfiguration : spring.jpa.open-in-view is enabled by default. Therefore, database queries may be performed during view rendering. Explicitly configure spring.jpa.open-in-view to disable this warning
2023-05-12 15:03:24.587  INFO 23304 --- [    Test worker] o.s.b.a.h2.H2ConsoleAutoConfiguration    : H2 console available at '/h2'. Database available at 'jdbc:h2:mem:test'
2023-05-12 15:03:25.138  INFO 23304 --- [    Test worker] c.c.s.Seb4321MainProjectApplicationTests : Started Seb4321MainProjectApplicationTests in 6.575 seconds (JVM running for 7.864)
]]></system-out>
  <system-err><![CDATA[]]></system-err>
</testsuite>
